2024-02-05 10:50:07,104 - INFO - Start
2024-02-05 10:50:07,104 - INFO - Scraping - https://www.thedrive.com/news/honda-still-eyeing-le-mans-entry-in-2025
2024-02-05 10:50:24,470 - INFO - Start
2024-02-05 10:50:24,470 - INFO - Scraping - https://www.thedrive.com/news/honda-still-eyeing-le-mans-entry-in-2025
2024-02-05 10:50:24,885 - ERROR - Error - Couldn't find a tree builder with the features you requested: lxml. Do you need to install a parser library?
2024-02-05 10:50:24,892 - INFO - End
2024-02-05 10:50:59,904 - INFO - Start
2024-02-05 10:50:59,904 - INFO - Scraping - https://www.thedrive.com/news/honda-still-eyeing-le-mans-entry-in-2025
2024-02-05 10:51:00,355 - INFO - Scraping - https://www.espn.in/football/story/_/id/39457744/hojlund-garnacho-mainoo-show-manchester-united-bright-future
2024-02-05 10:51:01,698 - INFO - Scraping - https://www.thedrive.com/news/in-this-moment-road-rage-and-sportsmanship-looked-the-same
2024-02-05 10:51:02,278 - INFO - Scraping - https://www.espn.in/football/story/_/id/39452181/european-soccer-league-weekend-news-results-highlights-storylines-stats
2024-02-05 10:51:03,974 - INFO - End
2024-02-05 10:57:07,665 - INFO - Start
2024-02-05 10:57:07,665 - INFO - Scraping - https://www.thedrive.com/news/honda-still-eyeing-le-mans-entry-in-2025
2024-02-05 10:57:08,599 - INFO - Scraping - https://www.espn.in/football/story/_/id/39457744/hojlund-garnacho-mainoo-show-manchester-united-bright-future
2024-02-05 10:57:09,875 - INFO - Scraping - https://www.thedrive.com/news/in-this-moment-road-rage-and-sportsmanship-looked-the-same
2024-02-05 10:57:11,230 - INFO - Scraping - https://www.espn.in/football/story/_/id/39452181/european-soccer-league-weekend-news-results-highlights-storylines-stats
2024-02-05 10:57:12,615 - INFO - End
2024-02-05 10:58:32,909 - INFO - Start
2024-02-05 10:58:32,909 - INFO - Scraping - https://www.thedrive.com/news/honda-still-eyeing-le-mans-entry-in-2025
2024-02-05 10:58:33,427 - INFO - Scraping - https://www.espn.in/football/story/_/id/39457744/hojlund-garnacho-mainoo-show-manchester-united-bright-future
2024-02-05 10:58:34,808 - INFO - Scraping - https://www.thedrive.com/news/in-this-moment-road-rage-and-sportsmanship-looked-the-same
2024-02-05 10:58:35,412 - INFO - Scraping - https://www.espn.in/football/story/_/id/39452181/european-soccer-league-weekend-news-results-highlights-storylines-stats
2024-02-05 10:58:36,803 - INFO - End
2024-02-05 10:58:46,091 - INFO - Start
2024-02-05 10:58:46,091 - INFO - Scraping - https://www.thedrive.com/news/honda-still-eyeing-le-mans-entry-in-2025
2024-02-05 10:58:46,510 - INFO - Scraping - https://www.espn.in/football/story/_/id/39457744/hojlund-garnacho-mainoo-show-manchester-united-bright-future
2024-02-05 10:58:48,018 - INFO - Scraping - https://www.thedrive.com/news/in-this-moment-road-rage-and-sportsmanship-looked-the-same
2024-02-05 10:58:48,866 - INFO - Scraping - https://www.espn.in/football/story/_/id/39452181/european-soccer-league-weekend-news-results-highlights-storylines-stats
2024-02-05 10:58:50,337 - INFO - End
2024-02-05 10:58:50,337 - INFO - Execution Time: 4.243887900025584
2024-02-05 11:36:29,323 - INFO - Start
2024-02-05 11:36:29,323 - INFO - Scraping - https://www.thedrive.com/news/honda-still-eyeing-le-mans-entry-in-2025
2024-02-05 11:36:30,676 - INFO - Scraping - https://www.espn.in/football/story/_/id/39457744/hojlund-garnacho-mainoo-show-manchester-united-bright-future
2024-02-05 11:36:32,110 - INFO - Scraping - https://www.thedrive.com/news/in-this-moment-road-rage-and-sportsmanship-looked-the-same
2024-02-05 11:36:32,978 - INFO - Scraping - https://www.espn.in/football/story/_/id/39452181/european-soccer-league-weekend-news-results-highlights-storylines-stats
2024-02-05 11:36:34,861 - INFO - End
2024-02-05 11:36:34,861 - INFO - Execution Time: 5.534631999966223
2024-02-05 11:41:58,800 - INFO - Start
2024-02-05 11:41:58,800 - INFO - Scraping - https://www.thedrive.com/news/honda-still-eyeing-le-mans-entry-in-2025
2024-02-05 11:41:59,494 - INFO - Scraping - https://www.espn.in/football/story/_/id/39457744/hojlund-garnacho-mainoo-show-manchester-united-bright-future
2024-02-05 11:42:00,362 - INFO - Scraping - https://www.thedrive.com/news/in-this-moment-road-rage-and-sportsmanship-looked-the-same
2024-02-05 11:42:00,903 - INFO - Scraping - https://www.espn.in/football/story/_/id/39452181/european-soccer-league-weekend-news-results-highlights-storylines-stats
2024-02-05 11:42:02,510 - ERROR - Error - 'charmap' codec can't encode character '\u0107' in position 15801: character maps to <undefined>
2024-02-05 11:42:02,513 - INFO - End
2024-02-05 11:42:02,513 - INFO - Execution Time: 3.711478600045666
2024-02-05 11:44:30,275 - INFO - Start
2024-02-05 11:44:30,275 - INFO - Scraping - https://www.thedrive.com/news/honda-still-eyeing-le-mans-entry-in-2025
2024-02-05 11:44:32,397 - INFO - Scraping - https://www.espn.in/football/story/_/id/39457744/hojlund-garnacho-mainoo-show-manchester-united-bright-future
2024-02-05 11:44:33,685 - INFO - Scraping - https://www.thedrive.com/news/in-this-moment-road-rage-and-sportsmanship-looked-the-same
2024-02-05 11:44:34,137 - INFO - Scraping - https://www.espn.in/football/story/_/id/39452181/european-soccer-league-weekend-news-results-highlights-storylines-stats
2024-02-05 11:44:35,627 - ERROR - Error - 'charmap' codec can't encode character '\u0107' in position 15801: character maps to <undefined>
2024-02-05 11:44:35,638 - INFO - End
2024-02-05 11:44:35,638 - INFO - Execution Time: 5.363278199976776
2024-02-05 11:44:55,181 - INFO - Start
2024-02-05 11:44:55,181 - INFO - Scraping - https://www.thedrive.com/news/honda-still-eyeing-le-mans-entry-in-2025
2024-02-05 11:44:55,842 - INFO - Scraping - https://www.espn.in/football/story/_/id/39457744/hojlund-garnacho-mainoo-show-manchester-united-bright-future
2024-02-05 11:44:57,149 - INFO - Scraping - https://www.thedrive.com/news/in-this-moment-road-rage-and-sportsmanship-looked-the-same
2024-02-05 11:44:57,652 - INFO - Scraping - https://www.espn.in/football/story/_/id/39452181/european-soccer-league-weekend-news-results-highlights-storylines-stats
2024-02-05 11:44:59,091 - ERROR - Error - 'charmap' codec can't encode character '\u0107' in position 15777: character maps to <undefined>
2024-02-05 11:44:59,091 - INFO - End
2024-02-05 11:44:59,091 - INFO - Execution Time: 3.9119802999775857
2024-02-05 11:45:21,743 - INFO - Start
2024-02-05 11:45:21,743 - INFO - Scraping - https://www.thedrive.com/news/honda-still-eyeing-le-mans-entry-in-2025
2024-02-05 11:45:22,280 - INFO - Scraping - https://www.espn.in/football/story/_/id/39457744/hojlund-garnacho-mainoo-show-manchester-united-bright-future
2024-02-05 11:45:23,646 - INFO - Scraping - https://www.thedrive.com/news/in-this-moment-road-rage-and-sportsmanship-looked-the-same
2024-02-05 11:45:24,135 - INFO - Scraping - https://www.espn.in/football/story/_/id/39452181/european-soccer-league-weekend-news-results-highlights-storylines-stats
2024-02-05 11:45:25,137 - ERROR - Error - 'charmap' codec can't encode character '\u0107' in position 15777: character maps to <undefined>
2024-02-05 11:45:25,137 - INFO - End
2024-02-05 11:45:25,137 - INFO - Execution Time: 3.3895955000189133
2024-02-05 11:45:37,993 - INFO - Start
2024-02-05 11:45:37,993 - INFO - Scraping - https://www.thedrive.com/news/honda-still-eyeing-le-mans-entry-in-2025
2024-02-05 11:45:38,553 - INFO - Scraping - https://www.espn.in/football/story/_/id/39457744/hojlund-garnacho-mainoo-show-manchester-united-bright-future
2024-02-05 11:45:39,447 - INFO - Scraping - https://www.thedrive.com/news/in-this-moment-road-rage-and-sportsmanship-looked-the-same
2024-02-05 11:45:40,422 - INFO - Scraping - https://www.espn.in/football/story/_/id/39452181/european-soccer-league-weekend-news-results-highlights-storylines-stats
2024-02-05 11:45:41,814 - ERROR - Error - 'charmap' codec can't encode character '\u0107' in position 15777: character maps to <undefined>
2024-02-05 11:45:41,817 - INFO - End
2024-02-05 11:45:41,817 - INFO - Execution Time: 3.8229085000348277
2024-02-05 11:46:40,400 - INFO - Start
2024-02-05 11:46:40,400 - INFO - Scraping - https://www.thedrive.com/news/honda-still-eyeing-le-mans-entry-in-2025
2024-02-05 11:46:41,015 - INFO - Scraping - https://www.espn.in/football/story/_/id/39457744/hojlund-garnacho-mainoo-show-manchester-united-bright-future
2024-02-05 11:46:42,325 - INFO - Scraping - https://www.thedrive.com/news/in-this-moment-road-rage-and-sportsmanship-looked-the-same
2024-02-05 11:46:42,899 - INFO - Scraping - https://www.espn.in/football/story/_/id/39452181/european-soccer-league-weekend-news-results-highlights-storylines-stats
2024-02-05 11:46:43,830 - ERROR - Error - 'charmap' codec can't encode character '\u0107' in position 15777: character maps to <undefined>
2024-02-05 11:46:43,830 - INFO - End
2024-02-05 11:46:43,834 - INFO - Execution Time: 3.4279410000308417
2024-02-05 11:47:04,786 - INFO - Start
2024-02-05 11:47:04,786 - INFO - Scraping - https://www.thedrive.com/news/honda-still-eyeing-le-mans-entry-in-2025
2024-02-05 11:47:05,341 - INFO - Scraping - https://www.espn.in/football/story/_/id/39457744/hojlund-garnacho-mainoo-show-manchester-united-bright-future
2024-02-05 11:47:06,684 - INFO - Scraping - https://www.thedrive.com/news/in-this-moment-road-rage-and-sportsmanship-looked-the-same
2024-02-05 11:47:07,215 - INFO - Scraping - https://www.espn.in/football/story/_/id/39452181/european-soccer-league-weekend-news-results-highlights-storylines-stats
2024-02-05 11:47:08,337 - ERROR - Error - 'charmap' codec can't encode character '\u0107' in position 15777: character maps to <undefined>
2024-02-05 11:47:08,337 - INFO - End
2024-02-05 11:47:08,337 - INFO - Execution Time: 3.564989600039553
2024-02-05 11:47:40,551 - INFO - Start
2024-02-05 11:47:40,554 - INFO - Scraping - https://www.thedrive.com/news/honda-still-eyeing-le-mans-entry-in-2025
2024-02-05 11:47:41,178 - INFO - Scraping - https://www.espn.in/football/story/_/id/39457744/hojlund-garnacho-mainoo-show-manchester-united-bright-future
2024-02-05 11:47:42,365 - INFO - Scraping - https://www.thedrive.com/news/in-this-moment-road-rage-and-sportsmanship-looked-the-same
2024-02-05 11:47:45,529 - INFO - Scraping - https://www.espn.in/football/story/_/id/39452181/european-soccer-league-weekend-news-results-highlights-storylines-stats
2024-02-05 11:47:47,930 - ERROR - Error - 'charmap' codec can't encode character '\u0107' in position 15777: character maps to <undefined>
2024-02-05 11:47:47,930 - INFO - End
2024-02-05 11:47:47,930 - INFO - Execution Time: 7.3842301000258885
2024-02-05 11:48:38,534 - INFO - Start
2024-02-05 11:48:38,534 - INFO - Scraping - https://www.thedrive.com/news/honda-still-eyeing-le-mans-entry-in-2025
2024-02-05 11:48:39,165 - INFO - Scraping - https://www.espn.in/football/story/_/id/39457744/hojlund-garnacho-mainoo-show-manchester-united-bright-future
2024-02-05 11:48:40,483 - INFO - Scraping - https://www.thedrive.com/news/in-this-moment-road-rage-and-sportsmanship-looked-the-same
2024-02-05 11:48:41,068 - INFO - Scraping - https://www.espn.in/football/story/_/id/39452181/european-soccer-league-weekend-news-results-highlights-storylines-stats
2024-02-05 11:48:41,898 - ERROR - Error - 'charmap' codec can't encode character '\u0107' in position 15777: character maps to <undefined>
2024-02-05 11:48:41,898 - INFO - End
2024-02-05 11:48:41,898 - INFO - Execution Time: 3.3653321000165306
2024-02-05 11:49:11,521 - INFO - Start
2024-02-05 11:49:11,521 - INFO - Scraping - https://www.thedrive.com/news/honda-still-eyeing-le-mans-entry-in-2025
2024-02-05 11:49:12,371 - ERROR - Error - TextIOWrapper.write() takes exactly one argument (0 given)
2024-02-05 11:49:12,371 - INFO - End
2024-02-05 11:49:12,371 - INFO - Execution Time: 0.8527900000335649
2024-02-05 11:49:22,912 - INFO - Start
2024-02-05 11:49:22,912 - INFO - Scraping - https://www.thedrive.com/news/honda-still-eyeing-le-mans-entry-in-2025
2024-02-05 11:49:23,541 - ERROR - Error - TextIOWrapper.write() takes exactly one argument (0 given)
2024-02-05 11:49:23,541 - INFO - End
2024-02-05 11:49:23,541 - INFO - Execution Time: 0.6371106999577023
2024-02-05 11:49:57,579 - INFO - Start
2024-02-05 11:49:57,579 - INFO - Scraping - https://www.thedrive.com/news/honda-still-eyeing-le-mans-entry-in-2025
2024-02-05 11:49:58,287 - INFO - Scraping - https://www.espn.in/football/story/_/id/39457744/hojlund-garnacho-mainoo-show-manchester-united-bright-future
2024-02-05 11:49:59,751 - INFO - Scraping - https://www.thedrive.com/news/in-this-moment-road-rage-and-sportsmanship-looked-the-same
2024-02-05 11:50:00,303 - INFO - Scraping - https://www.espn.in/football/story/_/id/39452181/european-soccer-league-weekend-news-results-highlights-storylines-stats
2024-02-05 11:50:01,979 - ERROR - Error - 'charmap' codec can't encode character '\u0107' in position 15777: character maps to <undefined>
2024-02-05 11:50:01,979 - INFO - End
2024-02-05 11:50:01,979 - INFO - Execution Time: 4.4083799999789335
2024-02-05 11:50:26,649 - INFO - Start
2024-02-05 11:50:26,649 - INFO - Scraping - https://www.thedrive.com/news/honda-still-eyeing-le-mans-entry-in-2025
2024-02-05 11:50:27,188 - INFO - Scraping - https://www.espn.in/football/story/_/id/39457744/hojlund-garnacho-mainoo-show-manchester-united-bright-future
2024-02-05 11:50:28,493 - INFO - Scraping - https://www.thedrive.com/news/in-this-moment-road-rage-and-sportsmanship-looked-the-same
2024-02-05 11:50:29,012 - INFO - Scraping - https://www.espn.in/football/story/_/id/39452181/european-soccer-league-weekend-news-results-highlights-storylines-stats
2024-02-05 11:50:30,472 - ERROR - Error - 'charmap' codec can't encode character '\u0107' in position 15777: character maps to <undefined>
2024-02-05 11:50:30,472 - INFO - End
2024-02-05 11:50:30,472 - INFO - Execution Time: 3.821148799965158
2024-02-05 11:52:39,962 - INFO - Start
2024-02-05 11:52:39,962 - INFO - Scraping - https://www.thedrive.com/news/honda-still-eyeing-le-mans-entry-in-2025
2024-02-05 11:52:40,561 - INFO - Scraping - https://www.espn.in/football/story/_/id/39457744/hojlund-garnacho-mainoo-show-manchester-united-bright-future
2024-02-05 11:52:41,896 - INFO - Scraping - https://www.thedrive.com/news/in-this-moment-road-rage-and-sportsmanship-looked-the-same
2024-02-05 11:52:42,387 - INFO - Scraping - https://www.espn.in/football/story/_/id/39452181/european-soccer-league-weekend-news-results-highlights-storylines-stats
2024-02-05 11:52:44,193 - INFO - End
2024-02-05 11:52:44,194 - INFO - Execution Time: 4.222387200046796
2024-02-05 11:53:04,191 - INFO - Start
2024-02-05 11:53:04,191 - INFO - Scraping - https://www.thedrive.com/news/honda-still-eyeing-le-mans-entry-in-2025
2024-02-05 11:53:05,567 - INFO - Scraping - https://www.espn.in/football/story/_/id/39457744/hojlund-garnacho-mainoo-show-manchester-united-bright-future
2024-02-05 11:53:06,814 - INFO - Scraping - https://www.thedrive.com/news/in-this-moment-road-rage-and-sportsmanship-looked-the-same
2024-02-05 11:53:07,305 - INFO - Scraping - https://www.espn.in/football/story/_/id/39452181/european-soccer-league-weekend-news-results-highlights-storylines-stats
2024-02-05 11:53:08,767 - INFO - End
2024-02-05 11:53:08,767 - INFO - Execution Time: 4.579504100023769
2024-02-05 11:54:13,046 - INFO - Start
2024-02-05 11:54:13,046 - INFO - Scraping - https://www.thedrive.com/news/honda-still-eyeing-le-mans-entry-in-2025
2024-02-05 11:54:13,670 - INFO - Scraping - https://www.espn.in/football/story/_/id/39457744/hojlund-garnacho-mainoo-show-manchester-united-bright-future
2024-02-05 11:54:15,019 - INFO - Scraping - https://www.thedrive.com/news/in-this-moment-road-rage-and-sportsmanship-looked-the-same
2024-02-05 11:54:15,670 - INFO - Scraping - https://www.espn.in/football/story/_/id/39452181/european-soccer-league-weekend-news-results-highlights-storylines-stats
2024-02-05 11:54:17,060 - INFO - End
2024-02-05 11:54:17,060 - INFO - Execution Time: 4.017947600048501
2024-02-05 12:01:10,900 - INFO - Start
2024-02-05 12:01:10,900 - INFO - Scraping - https://www.thedrive.com/news/honda-still-eyeing-le-mans-entry-in-2025
2024-02-05 12:01:11,539 - INFO - Scraping - https://www.espn.in/football/story/_/id/39457744/hojlund-garnacho-mainoo-show-manchester-united-bright-future
2024-02-05 12:01:13,598 - INFO - Scraping - https://www.thedrive.com/news/in-this-moment-road-rage-and-sportsmanship-looked-the-same
2024-02-05 12:01:14,125 - INFO - Scraping - https://www.espn.in/football/story/_/id/39452181/european-soccer-league-weekend-news-results-highlights-storylines-stats
2024-02-05 12:01:16,592 - INFO - End
2024-02-05 12:01:16,592 - INFO - Execution Time: 5.696423700021114
